[    0.000000] Linux version 4.15.0-143-generic (buildd@lcy01-amd64-001) (gcc version 7.5.0 (Ubuntu 7.5.0-3ubuntu1~18.04)) #147-Ubuntu SMP Wed Apr 14 16:10:11 UTC 2021 (Ubuntu 4.15.0-143.147-generic 4.15.18)
[    0.000000] Command line: BOOT_IMAGE=/boot/vmlinuz-4.15.0-143-generic root=LABEL=cloudimg-rootfs ro console=tty1 console=ttyS0
[    0.000000] KERNEL supported cpus:
[    0.000000]   Intel GenuineIntel
[    0.000000]   AMD AuthenticAMD
[    0.000000]   Centaur CentaurHauls
[    0.000000] x86/fpu: Supporting XSAVE feature 0x001: 'x87 floating point registers'
[    0.000000] x86/fpu: Supporting XSAVE feature 0x002: 'SSE registers'
[    0.000000] x86/fpu: Supporting XSAVE feature 0x004: 'AVX registers'
[    0.000000] x86/fpu: xstate_offset[2]:  576, xstate_sizes[2]:  256
[    0.000000] x86/fpu: Enabled xstate features 0x7, context size is 832 bytes, using 'standard' format.
[    0.000000] e820: BIOS-provided physical RAM map:
[    0.000000] BIOS-e820: [mem 0x0000000000000000-0x000000000009fbff] usable
[    0.000000] BIOS-e820: [mem 0x000000000009fc00-0x000000000009ffff] reserved
[    0.000000] BIOS-e820: [mem 0x00000000000f0000-0x00000000000fffff] reserved
[    0.000000] BIOS-e820: [mem 0x0000000000100000-0x000000003ffeffff] usable
[    0.000000] BIOS-e820: [mem 0x000000003fff0000-0x000000003fffffff] ACPI data
[    0.000000] BIOS-e820: [mem 0x00000000fec00000-0x00000000fec00fff] reserved
[    0.000000] BIOS-e820: [mem 0x00000000fee00000-0x00000000fee00fff] reserved
[    0.000000] BIOS-e820: [mem 0x00000000fffc0000-0x00000000ffffffff] reserved
[    0.000000] NX (Execute Disable) protection: active
[    0.000000] SMBIOS 2.5 present.
[    0.000000] DMI: innotek GmbH VirtualBox/VirtualBox, BIOS VirtualBox 12/01/2006
[    0.000000] Hypervisor detected: KVM
[    0.000000] e820: last_pfn = 0x3fff0 max_arch_pfn = 0x400000000
[    0.000000] MTRR: Disabled
[    0.000000] x86/PAT: MTRRs disabled, skipping PAT initialization too.
[    0.000000] CPU MTRRs all blank - virtualized system.
[    0.000000] x86/PAT: Configuration [0-7]: WB  WT  UC- UC  WB  WT  UC- UC  
[    0.000000] found SMP MP-table at [mem 0x0009fff0-0x0009ffff]
[    0.000000] Scanning 1 areas for low memory corruption
[    0.000000] RAMDISK: [mem 0x359d3000-0x36ce0fff]
[    0.000000] ACPI: Early table checksum verification disabled
[    0.000000] ACPI: RSDP 0x00000000000E0000 000024 (v02 VBOX  )
[    0.000000] ACPI: XSDT 0x000000003FFF0030 00003C (v01 VBOX   VBOXXSDT 00000001 ASL  00000061)
[    0.000000] ACPI: FACP 0x000000003FFF00F0 0000F4 (v04 VBOX   VBOXFACP 00000001 ASL  00000061)
[    0.000000] ACPI: DSDT 0x000000003FFF0470 002325 (v02 VBOX   VBOXBIOS 00000002 INTL 20100528)
[    0.000000] ACPI: FACS 0x000000003FFF0200 000040
[    0.000000] ACPI: FACS 0x000000003FFF0200 000040
[    0.000000] ACPI: APIC 0x000000003FFF0240 00005C (v02 VBOX   VBOXAPIC 00000001 ASL  00000061)
[    0.000000] ACPI: SSDT 0x000000003FFF02A0 0001CC (v01 VBOX   VBOXCPUT 00000002 INTL 20100528)
[    0.000000] No NUMA configuration found
[    0.000000] Faking a node at [mem 0x0000000000000000-0x000000003ffeffff]
[    0.000000] NODE_DATA(0) allocated [mem 0x3ffc5000-0x3ffeffff]
[    0.000000] kvm-clock: cpu 0, msr 0:3ff44001, primary cpu clock
[    0.000000] kvm-clock: Using msrs 4b564d01 and 4b564d00
[    0.000000] kvm-clock: using sched offset of 4547607260 cycles
[    0.000000] clocksource: kvm-clock: mask: 0xffffffffffffffff max_cycles: 0x1cd42e4dffb, max_idle_ns: 881590591483 ns
[    0.000000] Zone ranges:
[    0.000000]   DMA      [mem 0x0000000000001000-0x0000000000ffffff]
[    0.000000]   DMA32    [mem 0x0000000001000000-0x000000003ffeffff]
[    0.000000]   Normal   empty
[    0.000000]   Device   empty
[    0.000000] Movable zone start for each node
[    0.000000] Early memory node ranges
[    0.000000]   node   0: [mem 0x0000000000001000-0x000000000009efff]
[    0.000000]   node   0: [mem 0x0000000000100000-0x000000003ffeffff]
[    0.000000] Reserved but unavailable: 98 pages
[    0.000000] Initmem setup node 0 [mem 0x0000000000001000-0x000000003ffeffff]
[    0.000000] ACPI: PM-Timer IO Port: 0x4008
[    0.000000] IOAPIC[0]: apic_id 2, version 32, address 0xfec00000, GSI 0-23
[    0.000000] ACPI: INT_SRC_OVR (bus 0 bus_irq 0 global_irq 2 dfl dfl)
[    0.000000] ACPI: INT_SRC_OVR (bus 0 bus_irq 9 global_irq 9 low level)
[    0.000000] Using ACPI (MADT) for SMP configuration information
[    0.000000] smpboot: Allowing 2 CPUs, 0 hotplug CPUs
[    0.000000] PM: Registered nosave memory: [mem 0x00000000-0x00000fff]
[    0.000000] PM: Registered nosave memory: [mem 0x0009f000-0x0009ffff]
[    0.000000] PM: Registered nosave memory: [mem 0x000a0000-0x000effff]
[    0.000000] PM: Registered nosave memory: [mem 0x000f0000-0x000fffff]
[    0.000000] e820: [mem 0x40000000-0xfebfffff] available for PCI devices
[    0.000000] Booting paravirtualized kernel on KVM
[    0.000000] clocksource: refined-jiffies: mask: 0xffffffff max_cycles: 0xffffffff, max_idle_ns: 7645519600211568 ns
[    0.000000] random: get_random_bytes called from start_kernel+0x99/0x500 with crng_init=0
[    0.000000] setup_percpu: NR_CPUS:8192 nr_cpumask_bits:2 nr_cpu_ids:2 nr_node_ids:1
[    0.000000] percpu: Embedded 45 pages/cpu s147456 r8192 d28672 u1048576
[    0.000000] PV qspinlock hash table entries: 256 (order: 0, 4096 bytes)
[    0.000000] Built 1 zonelists, mobility grouping on.  Total pages: 257913
[    0.000000] Policy zone: DMA32
[    0.000000] Kernel command line: BOOT_IMAGE=/boot/vmlinuz-4.15.0-143-generic root=LABEL=cloudimg-rootfs ro console=tty1 console=ttyS0
[    0.000000] Memory: 982728K/1048120K available (12300K kernel code, 2483K rwdata, 4316K rodata, 2444K init, 2724K bss, 65392K reserved, 0K cma-reserved)
[    0.000000] SLUB: HWalign=64, Order=0-3, MinObjects=0, CPUs=2, Nodes=1
[    0.000000] Kernel/User page tables isolation: enabled
[    0.000000] ftrace: allocating 39437 entries in 155 pages
[    0.004000] Hierarchical RCU implementation.
[    0.004000] 	RCU restricting CPUs from NR_CPUS=8192 to nr_cpu_ids=2.
[    0.004000] 	Tasks RCU enabled.
[    0.004000] RCU: Adjusting geometry for rcu_fanout_leaf=16, nr_cpu_ids=2
[    0.004000] NR_IRQS: 524544, nr_irqs: 440, preallocated irqs: 16
[    0.004000] Console: colour VGA+ 80x25
[    0.004000] console [tty1] enabled
[    0.004000] console [ttyS0] enabled
[    0.004000] ACPI: Core revision 20170831
[    0.004000] ACPI: 2 ACPI AML tables successfully acquired and loaded
[    0.004000] APIC: Switch to symmetric I/O mode setup
[    0.004000] x2apic enabled
[    0.004010] Switched APIC routing to physical x2apic.
[    0.008000] ..TIMER: vector=0x30 apic1=0 pin1=2 apic2=-1 pin2=-1
[    0.008008] tsc: Detected 2304.002 MHz processor
[    0.010313] Calibrating delay loop (skipped) preset value.. 4608.00 BogoMIPS (lpj=9216008)
[    0.012010] pid_max: default: 32768 minimum: 301
[    0.016073] Security Framework initialized
[    0.017798] Yama: becoming mindful.
[    0.020061] AppArmor: AppArmor initialized
[    0.024089] Dentry cache hash table entries: 131072 (order: 8, 1048576 bytes)
[    0.028099] Inode-cache hash table entries: 65536 (order: 7, 524288 bytes)
[    0.032029] Mount-cache hash table entries: 2048 (order: 2, 16384 bytes)
[    0.036017] Mountpoint-cache hash table entries: 2048 (order: 2, 16384 bytes)
[    0.040089] Last level iTLB entries: 4KB 64, 2MB 8, 4MB 8
[    0.042111] Last level dTLB entries: 4KB 64, 2MB 0, 4MB 0, 1GB 4
[    0.044009] Spectre V1 : Mitigation: usercopy/swapgs barriers and __user pointer sanitization
[    0.048008] Spectre V2 : Mitigation: Full generic retpoline
[    0.050013] Spectre V2 : Spectre v2 / SpectreRSB mitigation: Filling RSB on context switch
[    0.052008] Speculative Store Bypass: Vulnerable
[    0.053726] SRBDS: Unknown: Dependent on hypervisor status
[    0.056007] MDS: Mitigation: Clear CPU buffers
[    0.057848] Freeing SMP alternatives memory: 36K
[    0.173628] smpboot: CPU0: Intel(R) Core(TM) i3-7020U CPU @ 2.30GHz (family: 0x6, model: 0x8e, stepping: 0x9)
[    0.176000] Performance Events: unsupported p6 CPU model 142 no PMU driver, software events only.
[    0.176104] Hierarchical SRCU implementation.
[    0.178247] NMI watchdog: Perf event create on CPU 0 failed with -2
[    0.180005] NMI watchdog: Perf NMI watchdog permanently disabled
[    0.181828] smp: Bringing up secondary CPUs ...
[    0.184118] x86: Booting SMP configuration:
[    0.185497] .... node  #0, CPUs:      #1
[    0.004000] kvm-clock: cpu 1, msr 0:3ff44041, secondary cpu clock
[    0.192061] smp: Brought up 1 node, 2 CPUs
[    0.193292] smpboot: Max logical packages: 1
[    0.194533] smpboot: Total of 2 processors activated (9216.00 BogoMIPS)
[    0.196171] devtmpfs: initialized
[    0.197162] x86/mm: Memory block size: 128MB
[    0.198682] evm: security.selinux
[    0.200005] evm: security.SMACK64
[    0.201035] evm: security.SMACK64EXEC
[    0.202218] evm: security.SMACK64TRANSMUTE
[    0.203531] evm: security.SMACK64MMAP
[    0.204005] evm: security.apparmor
[    0.205063] evm: security.ima
[    0.206016] evm: security.capability
[    0.208125] clocksource: jiffies: mask: 0xffffffff max_cycles: 0xffffffff, max_idle_ns: 7645041785100000 ns
[    0.210809] futex hash table entries: 512 (order: 3, 32768 bytes)
[    0.216061] pinctrl core: initialized pinctrl subsystem
[    0.217773] RTC time: 23:35:34, date: 06/14/21
[    0.220297] NET: Registered protocol family 16
[    0.221926] audit: initializing netlink subsys (disabled)
[    0.224056] audit: type=2000 audit(1623713739.586:1): state=initialized audit_enabled=0 res=1
[    0.226515] cpuidle: using governor ladder
[    0.228016] cpuidle: using governor menu
[    0.229357] ACPI: bus type PCI registered
[    0.230625] acpiphp: ACPI Hot Plug PCI Controller Driver version: 0.5
[    0.232156] PCI: Using configuration type 1 for base access
[    0.236520] HugeTLB registered 2.00 MiB page size, pre-allocated 0 pages
[    0.238005] ACPI: Added _OSI(Module Device)
[    0.240006] ACPI: Added _OSI(Processor Device)
[    0.241382] ACPI: Added _OSI(3.0 _SCP Extensions)
[    0.242944] ACPI: Added _OSI(Processor Aggregator Device)
[    0.244005] ACPI: Added _OSI(Linux-Dell-Video)
[    0.245385] ACPI: Added _OSI(Linux-Lenovo-NV-HDMI-Audio)
[    0.248005] ACPI: Added _OSI(Linux-HPI-Hybrid-Graphics)
[    0.250031] ACPI: Executed 1 blocks of module-level executable AML code
[    0.259167] ACPI: Interpreter enabled
[    0.260028] ACPI: (supports S0 S5)
[    0.262281] ACPI: Using IOAPIC for interrupt routing
[    0.264813] PCI: Using host bridge windows from ACPI; if necessary, use "pci=nocrs" and report a bug
[    0.268486] ACPI: Enabled 2 GPEs in block 00 to 07
[    0.282268] ACPI: PCI Root Bridge [PCI0] (domain 0000 [bus 00-ff])
[    0.284012] acpi PNP0A03:00: _OSC: OS supports [ASPM ClockPM Segments MSI]
[    0.287278] acpi PNP0A03:00: _OSC: not requesting OS control; OS requires [ExtendedConfig ASPM ClockPM MSI]
[    0.288023] acpi PNP0A03:00: fail to add MMCONFIG information, can't access extended PCI configuration space under this bridge.
[    0.292756] PCI host bridge to bus 0000:00
[    0.293969] pci_bus 0000:00: root bus resource [io  0x0000-0x0cf7 window]
[    0.296006] pci_bus 0000:00: root bus resource [io  0x0d00-0xffff window]
[    0.298233] pci_bus 0000:00: root bus resource [mem 0x000a0000-0x000bffff window]
[    0.300009] pci_bus 0000:00: root bus resource [mem 0x40000000-0xfdffffff window]
[    0.304007] pci_bus 0000:00: root bus resource [bus 00-ff]
[    0.310526] pci 0000:00:01.1: legacy IDE quirk: reg 0x10: [io  0x01f0-0x01f7]
[    0.312005] pci 0000:00:01.1: legacy IDE quirk: reg 0x14: [io  0x03f6]
[    0.313950] pci 0000:00:01.1: legacy IDE quirk: reg 0x18: [io  0x0170-0x0177]
[    0.316008] pci 0000:00:01.1: legacy IDE quirk: reg 0x1c: [io  0x0376]
[    0.342038] pci 0000:00:07.0: quirk: [io  0x4000-0x403f] claimed by PIIX4 ACPI
[    0.344026] pci 0000:00:07.0: quirk: [io  0x4100-0x410f] claimed by PIIX4 SMB
[    0.360506] ACPI: PCI Interrupt Link [LNKA] (IRQs 5 9 10 *11)
[    0.362919] ACPI: PCI Interrupt Link [LNKB] (IRQs 5 9 *10 11)
[    0.364204] ACPI: PCI Interrupt Link [LNKC] (IRQs 5 *9 10 11)
[    0.366146] ACPI: PCI Interrupt Link [LNKD] (IRQs 5 9 10 *11)
[    0.368592] SCSI subsystem initialized
[    0.369964] pci 0000:00:02.0: vgaarb: setting as boot VGA device
[    0.369964] pci 0000:00:02.0: vgaarb: VGA device added: decodes=io+mem,owns=io+mem,locks=none
[    0.372016] pci 0000:00:02.0: vgaarb: bridge control possible
[    0.376009] vgaarb: loaded
[    0.377018] ACPI: bus type USB registered
[    0.378267] usbcore: registered new interface driver usbfs
[    0.380017] usbcore: registered new interface driver hub
[    0.381758] usbcore: registered new device driver usb
[    0.384082] EDAC MC: Ver: 3.0.0
[    0.385439] PCI: Using ACPI for IRQ routing
[    0.388495] NetLabel: Initializing
[    0.389619] NetLabel:  domain hash size = 128
[    0.390955] NetLabel:  protocols = UNLABELED CIPSOv4 CALIPSO
[    0.392029] NetLabel:  unlabeled traffic allowed by default
[    0.393813] clocksource: Switched to clocksource kvm-clock
[    0.420892] VFS: Disk quotas dquot_6.6.0
[    0.422185] VFS: Dquot-cache hash table entries: 512 (order 0, 4096 bytes)
[    0.424667] AppArmor: AppArmor Filesystem Enabled
[    0.426153] pnp: PnP ACPI init
[    0.429120] pnp: PnP ACPI: found 3 devices
[    0.442001] clocksource: acpi_pm: mask: 0xffffff max_cycles: 0xffffff, max_idle_ns: 2085701024 ns
[    0.445045] NET: Registered protocol family 2
[    0.446664] TCP established hash table entries: 8192 (order: 4, 65536 bytes)
[    0.448902] TCP bind hash table entries: 8192 (order: 5, 131072 bytes)
[    0.452830] TCP: Hash tables configured (established 8192 bind 8192)
[    0.457068] UDP hash table entries: 512 (order: 2, 16384 bytes)
[    0.458836] UDP-Lite hash table entries: 512 (order: 2, 16384 bytes)
[    0.460866] NET: Registered protocol family 1
[    0.462186] pci 0000:00:00.0: Limiting direct PCI/PCI transfers
[    0.463934] pci 0000:00:01.0: Activating ISA DMA hang workarounds
[    0.466128] pci 0000:00:02.0: Video device with shadowed ROM at [mem 0x000c0000-0x000dffff]
[    0.469000] Unpacking initramfs...
[    0.988750] Freeing initrd memory: 19512K
[    0.990251] clocksource: tsc: mask: 0xffffffffffffffff max_cycles: 0x2135f9f0f74, max_idle_ns: 440795301392 ns
[    0.993746] platform rtc_cmos: registered platform RTC device (no PNP device found)
[    0.996131] Scanning for low memory corruption every 60 seconds
[    0.999409] Initialise system trusted keyrings
[    1.000800] Key type blacklist registered
[    1.002177] workingset: timestamp_bits=36 max_order=18 bucket_order=0
[    1.005723] zbud: loaded
[    1.007605] squashfs: version 4.0 (2009/01/31) Phillip Lougher
[    1.009924] fuse init (API version 7.26)
[    1.017309] Key type asymmetric registered
[    1.018690] Asymmetric key parser 'x509' registered
[    1.020266] Block layer SCSI generic (bsg) driver version 0.4 loaded (major 246)
[    1.022835] io scheduler noop registered
[    1.024041] io scheduler deadline registered
[    1.025618] io scheduler cfq registered (default)
[    1.027818] ACPI: AC Adapter [AC] (on-line)
[    1.029323] input: Power Button as /devices/LNXSYSTM:00/LNXPWRBN:00/input/input0
[    1.031799] ACPI: Power Button [PWRF]
[    1.033231] input: Sleep Button as /devices/LNXSYSTM:00/LNXSLPBN:00/input/input1
[    1.035648] ACPI: Sleep Button [SLPF]
[    1.038783] ACPI: Battery Slot [BAT0] (battery present)
[    1.040678] Serial: 8250/16550 driver, 32 ports, IRQ sharing enabled
[    1.063915] 00:02: ttyS0 at I/O 0x3f8 (irq = 4, base_baud = 115200) is a 16550A
[    1.068554] Linux agpgart interface v0.103
[    1.071780] loop: module loaded
[    1.074040] scsi host0: ata_piix
[    1.075425] scsi host1: ata_piix
[    1.076704] ata1: PATA max UDMA/33 cmd 0x1f0 ctl 0x3f6 bmdma 0xd000 irq 14
[    1.078828] ata2: PATA max UDMA/33 cmd 0x170 ctl 0x376 bmdma 0xd008 irq 15
[    1.081612] libphy: Fixed MDIO Bus: probed
[    1.083394] tun: Universal TUN/TAP device driver, 1.6
[    1.085787] PPP generic driver version 2.4.2
[    1.088087] ehci_hcd: USB 2.0 'Enhanced' Host Controller (EHCI) Driver
[    1.091394] ehci-pci: EHCI PCI platform driver
[    1.093635] ehci-platform: EHCI generic platform driver
[    1.096447] ohci_hcd: USB 1.1 'Open' Host Controller (OHCI) Driver
[    1.099103] ohci-pci: OHCI PCI platform driver
[    1.101306] ohci-platform: OHCI generic platform driver
[    1.103973] uhci_hcd: USB Universal Host Controller Interface driver
[    1.107201] i8042: PNP: PS/2 Controller [PNP0303:PS2K,PNP0f03:PS2M] at 0x60,0x64 irq 1,12
[    1.111349] serio: i8042 KBD port at 0x60,0x64 irq 1
[    1.113755] serio: i8042 AUX port at 0x60,0x64 irq 12
[    1.115792] mousedev: PS/2 mouse device common for all mice
[    1.119066] input: AT Translated Set 2 keyboard as /devices/platform/i8042/serio0/input/input2
[    1.124550] rtc_cmos rtc_cmos: rtc core: registered rtc_cmos as rtc0
[    1.127501] rtc_cmos rtc_cmos: alarms up to one day, 114 bytes nvram
[    1.130249] i2c /dev entries driver
[    1.131859] device-mapper: uevent: version 1.0.3
[    1.134161] device-mapper: ioctl: 4.37.0-ioctl (2017-09-20) initialised: dm-devel@redhat.com
[    1.137684] ledtrig-cpu: registered to indicate activity on CPUs
[    1.140770] NET: Registered protocol family 10
[    1.150043] Segment Routing with IPv6
[    1.151685] NET: Registered protocol family 17
[    1.153909] Key type dns_resolver registered
[    1.156268] mce: Using 0 MCE banks
[    1.157643] RAS: Correctable Errors collector initialized.
[    1.159847] sched_clock: Marking stable (1156207986, 0)->(1463077798, -306869812)
[    1.164065] registered taskstats version 1
[    1.165843] Loading compiled-in X.509 certificates
[    1.172851] Loaded X.509 cert 'Build time autogenerated kernel key: de118354fe72448b469776565e76ac30c08e8db2'
[    1.177484] Loaded X.509 cert 'Canonical Ltd. Live Patch Signing: 14df34d1a87cf37625abec039ef2bf521249b969'
[    1.182388] Loaded X.509 cert 'Canonical Ltd. Kernel Module Signing: 88f752e560a1e0737e31163a466ad7b70a850c19'
[    1.186469] zswap: loaded using pool lzo/zbud
[    1.195696] Key type big_key registered
[    1.197572] Key type trusted registered
[    1.202656] Key type encrypted registered
[    1.204596] AppArmor: AppArmor sha1 policy hashing enabled
[    1.206746] ima: No TPM chip found, activating TPM-bypass! (rc=-19)
[    1.209110] ima: Allocated hash algorithm: sha1
[    1.210957] evm: HMAC attrs: 0x1
[    1.212925]   Magic number: 9:522:605
[    1.214606] rtc_cmos rtc_cmos: setting system clock to 2021-06-14 23:35:35 UTC (1623713735)
[    1.217749] BIOS EDD facility v0.16 2004-Jun-25, 0 devices found
[    1.219761] EDD information not available.
[    1.271988] Freeing unused kernel image memory: 2444K
[    1.280657] Write protecting the kernel read-only data: 20480k
[    1.283123] Freeing unused kernel image memory: 2008K
[    1.285163] Freeing unused kernel image memory: 1828K
[    1.300831] x86/mm: Checked W+X mappings: passed, no W+X pages found.
[    1.302721] x86/mm: Checking user space page tables
[    1.317963] x86/mm: Checked W+X mappings: passed, no W+X pages found.
Loading, please wait...
starting version 237
[    1.435484] Fusion MPT base driver 3.04.20
[    1.436922] Copyright (c) 1999-2008 LSI Corporation
[    1.450779] e1000: Intel(R) PRO/1000 Network Driver - version 7.3.21-k8-NAPI
[    1.453553] e1000: Copyright (c) 1999-2006 Intel Corporation.
[    1.473354] AVX2 version of gcm_enc/dec engaged.
[    1.476675] AES CTR mode by8 optimization enabled
[    1.493442] Fusion MPT SPI Host driver 3.04.20
[    1.650394] input: ImExPS/2 Generic Explorer Mouse as /devices/platform/i8042/serio1/input/input4
[    1.941637] e1000 0000:00:03.0 eth0: (PCI:33MHz:32-bit) 02:c3:ac:bf:e0:17
[    1.943804] e1000 0000:00:03.0 eth0: Intel(R) PRO/1000 Network Connection
[    2.425730] e1000 0000:00:08.0 eth1: (PCI:33MHz:32-bit) 08:00:27:dc:ce:7d
[    2.427913] e1000 0000:00:08.0 eth1: Intel(R) PRO/1000 Network Connection
[    2.432021] e1000 0000:00:08.0 enp0s8: renamed from eth1
[    2.440369] mptbase: ioc0: Initiating bringup
[    2.447104] e1000 0000:00:03.0 enp0s3: renamed from eth0
[    2.977249] ioc0: LSI53C1030 A0: Capabilities={Initiator}
[    4.551037] scsi host2: ioc0: LSI53C1030 A0, FwRev=00000000h, Ports=1, MaxQ=256, IRQ=20
[    6.138365] scsi 2:0:0:0: Direct-Access     VBOX     HARDDISK         1.0  PQ: 0 ANSI: 5
[    6.176400] scsi target2:0:0: Beginning Domain Validation
[    6.187097] scsi target2:0:0: Domain Validation skipping write tests
[    6.190111] scsi target2:0:0: Ending Domain Validation
[    6.192247] scsi target2:0:0: asynchronous
[    6.195649] scsi 2:0:1:0: Direct-Access     VBOX     HARDDISK         1.0  PQ: 0 ANSI: 5
[    6.228128] scsi target2:0:1: Beginning Domain Validation
[    6.231709] random: fast init done
[    6.235685] scsi target2:0:1: Domain Validation skipping write tests
[    6.237649] scsi target2:0:1: Ending Domain Validation
[    6.239369] scsi target2:0:1: asynchronous
[    6.248825] random: systemd-udevd: uninitialized urandom read (16 bytes read)
[    6.250856] random: systemd-udevd: uninitialized urandom read (16 bytes read)
[    6.252888] random: systemd-udevd: uninitialized urandom read (16 bytes read)
[    6.255498] sd 2:0:0:0: [sda] 83886080 512-byte logical blocks: (42.9 GB/40.0 GiB)
[    6.255507] sd 2:0:0:0: Attached scsi generic sg0 type 0
[    6.258066] sd 2:0:0:0: [sda] Write Protect is off
[    6.263656] sd 2:0:1:0: Attached scsi generic sg1 type 0
[    6.264186] sd 2:0:0:0: [sda] Incomplete mode parameter data
[    6.269608] sd 2:0:0:0: [sda] Assuming drive cache: write through
[    6.271761] sd 2:0:1:0: [sdb] 20480 512-byte logical blocks: (10.5 MB/10.0 MiB)
[    6.274889] sd 2:0:1:0: [sdb] Write Protect is off
[    6.275158]  sda: sda1
[    6.277871] sd 2:0:1:0: [sdb] Incomplete mode parameter data
[    6.278666] sd 2:0:0:0: [sda] Attached SCSI disk
[    6.280056] sd 2:0:1:0: [sdb] Assuming drive cache: write through
[    6.290367] sd 2:0:1:0: [sdb] Attached SCSI disk
Begin: Loading essential drivers ... [    8.228146] raid6: sse2x1   gen()  7334 MB/s
[    8.276222] raid6: sse2x1   xor()  4862 MB/s
[    8.324145] raid6: sse2x2   gen()  9016 MB/s
[    8.372129] raid6: sse2x2   xor()  6035 MB/s
[    8.420208] raid6: sse2x4   gen() 10280 MB/s
[    8.468194] raid6: sse2x4   xor()  6407 MB/s
[    8.516134] raid6: avx2x1   gen() 12597 MB/s
[    8.564213] raid6: avx2x1   xor() 10048 MB/s
[    8.612231] raid6: avx2x2   gen() 16571 MB/s
[    8.660096] raid6: avx2x2   xor() 10833 MB/s
[    8.708142] raid6: avx2x4   gen() 19706 MB/s
[    8.756156] raid6: avx2x4   xor() 10772 MB/s
[    8.757955] raid6: using algorithm avx2x4 gen() 19706 MB/s
[    8.760364] raid6: .... xor() 10772 MB/s, rmw enabled
[    8.762077] raid6: using avx2x2 recovery algorithm
[    8.766577] xor: automatically using best checksumming function   avx       
[    8.770381] async_tx: api initialized (async)
done.
Begin: Running /scripts/init-premount ... done.
Begin: Mounting root file system ... Begin: Running /scripts/local-top ... done.
Begin: Running /scripts/local-premount ... [    8.847018] Btrfs loaded, crc32c=crc32c-intel
Scanning for Btrfs filesystems
done.
Warning: fsck not present, so skipping root file system
[    8.914326] EXT4-fs (sda1): mounted filesystem with ordered data mode. Opts: (null)
done.
Begin: Running /scripts/local-bottom ... done.
Begin: Running /scripts/init-bottom ... done.
[    9.369437] ip_tables: (C) 2000-2006 Netfilter Core Team
[    9.414599] systemd[1]: systemd 237 running in system mode. (+PAM +AUDIT +SELINUX +IMA +APPARMOR +SMACK +SYSVINIT +UTMP +LIBCRYPTSETUP +GCRYPT +GNUTLS +ACL +XZ +LZ4 +SECCOMP +BLKID +ELFUTILS +KMOD -IDN2 +IDN -PCRE2 default-hierarchy=hybrid)
[    9.420983] systemd[1]: Detected virtualization oracle.
[    9.422730] systemd[1]: Detected architecture x86-64.

Welcome to [1mUbuntu 18.04.5 LTS[0m!

[    9.433450] systemd[1]: Set hostname to <ubuntu>.
[    9.446967] systemd[1]: Initializing machine ID from random generator.
[    9.448959] systemd[1]: Installed transient /etc/machine-id file.
[   10.116732] systemd[1]: Reached target System Time Synchronized.
[[0;32m  OK  [0m] Reached target System Time Synchronized.
[   10.119893] systemd[1]: Reached target User and Group Name Lookups.
[[0;32m  OK  [0m] Reached target User and Group Name Lookups.
[   10.123739] systemd[1]: Set up automount Arbitrary Executable File Formats File System Automount Point.
[[0;32m  OK  [0m] Set up automount Arbitrary Executab…rmats File System Automount Point.
[   10.130519] systemd[1]: Created slice System Slice.
[[0;32m  OK  [0m] Created slice System Slice.
[[0;32m  OK  [0m] Listening on LVM2 metadata daemon socket.
[[0;32m  OK  [0m] Listening on udev Kernel Socket.
[[0;32m  OK  [0m] Listening on /dev/initctl Compatibility Named Pipe.
[[0;32m  OK  [0m] Listening on Device-mapper event daemon FIFOs.
[[0;32m  OK  [0m] Started Forward Password Requests to Wall Directory Watch.
[[0;32m  OK  [0m] Listening on Journal Socket (/dev/log).
[[0;32m  OK  [0m] Reached target Swap.
[[0;32m  OK  [0m] Listening on fsck to fsckd communication Socket.
[[0;32m  OK  [0m] Listening on Journal Audit Socket.
[[0;32m  OK  [0m] Created slice User and Session Slice.
[[0;32m  OK  [0m] Reached target Slices.
[[0;32m  OK  [0m] Listening on Syslog Socket.
[[0;32m  OK  [0m] Listening on udev Control Socket.
[[0;32m  OK  [0m] Listening on Network Service Netlink Socket.
[[0;32m  OK  [0m] Listening on LVM2 poll daemon socket.
[[0;32m  OK  [0m] Listening on Journal Socket.
         Starting Set the console keyboard layout...
         Starting Load Kernel Modules...
         Starting File System Check on Root Device...
         Mounting POSIX Message Queue File System...
         Starting Journal Service...
         Starting Monitoring of LVM2 mirrors…ng dmeventd or progress polling...
         Starting udev Coldplug all Devices...
         Mounting Kernel Debug File System...
[[0;32m  OK  [0m] Created slice system-serial\x2dgetty.slice.
         Mounting Huge Pages File System...
         Starting Uncomplicated firewall...
         Starting Create list of required st…ce nodes for the current kernel...
[[0;32m  OK  [0m] Started File System Check Daemon to report status.
[[0;32m  OK  [0m] Mounted POSIX Message Queue File System.
[[0;32m  OK  [0m] Mounted Kernel Debug File System.
[[0;32m  OK  [0m] Mounted Huge Pages File System.
[[0;32m  OK  [0m] Started LVM2 metadata daemon.
[[0;32m  OK  [0m] Started Journal Service.
[   10.429162] Loading iSCSI transport class v2.0-870.
[   10.444418] iscsi: registered transport (tcp)
[[0;32m  OK  [0m] Started Uncomplicated firewall.
[[0;32m  OK  [0m] Started Create list of required sta…vice nodes for the current kernel.
         Starting Create Static Device Nodes in /dev...
[[0;32m  OK  [0m] Started udev Coldplug all Devices.
[   10.523278] iscsi: registered transport (iser)
[[0;32m  OK  [0m] Started Load Kernel Modules.
         Starting Apply Kernel Variables...
         Mounting FUSE Control File System...
         Mounting Kernel Configuration File System...
[[0;32m  OK  [0m] Mounted FUSE Control File System.
[[0;32m  OK  [0m] Mounted Kernel Configuration File System.
[[0;32m  OK  [0m] Started Monitoring of LVM2 mirrors,…sing dmeventd or progress polling.
[[0;32m  OK  [0m] Started File System Check on Root Device.
         Starting Remount Root and Kernel File Systems...
[[0;32m  OK  [0m] Started Apply Kernel Variables.
[[0;32m  OK  [0m] Started Create Static Device Nodes in /dev.
[[0;32m  OK  [0m] Started Remount Root and Kernel File Systems.
         Starting udev Kernel Device Manager...
         Starting Flush Journal to Persistent Storage...
         Starting Load/Save Random Seed...
[[0;32m  OK  [0m] Started Set the console keyboard layout.
[[0;32m  OK  [0m] Reached target Local File Systems (Pre).
[[0;32m  OK  [0m] Reached target Local File Systems.
         Starting Set console font and keymap...
         Starting AppArmor initialization...
         Starting ebtables ruleset management...
         Starting Tell Plymouth To Write Out Runtime Data...
         Starting Commit a transient machine-id on disk...
[[0;32m  OK  [0m] Started udev Kernel Device Manager.
[[0;32m  OK  [0m] Started Dispatch Password Requests to Console Directory Watch.
[[0;32m  OK  [0m] Reached target Local Encrypted Volumes.
[[0;32m  OK  [0m] Started Set console font and keymap.
[[0;32m  OK  [0m] Started Tell Plymouth To Write Out Runtime Data.
[[0;32m  OK  [0m] Started Load/Save Random Seed.
[[0;32m  OK  [0m] Started Commit a transient machine-id on disk.
[[0;32m  OK  [0m] Started Flush Journal to Persistent Storage.
         Starting Create Volatile Files and Directories...
[[0;32m  OK  [0m] Started Create Volatile Files and Directories.
[[0;32m  OK  [0m] Started ebtables ruleset management.
         Starting Update UTMP about System Boot/Shutdown...
[[0;32m  OK  [0m] Started Update UTMP about System Boot/Shutdown.
[[0;32m  OK  [0m] Found device /dev/ttyS0.
[[0;32m  OK  [0m] Listening on Load/Save RF Kill Switch Status /dev/rfkill Watch.
[[0;32m  OK  [0m] Started AppArmor initialization.
         Starting Load AppArmor profiles managed internally by snapd...
         Starting Initial cloud-init job (pre-networking)...
[[0;32m  OK  [0m] Started Load AppArmor profiles managed internally by snapd.
[   16.641961] cloud-init[568]: Cloud-init v. 21.1-19-gbad84ad4-0ubuntu1~18.04.2 running 'init-local' at Mon, 14 Jun 2021 23:35:50 +0000. Up 15.89 seconds.
[[0;32m  OK  [0m] Started Initial cloud-init job (pre-networking).
[[0;32m  OK  [0m] Reached target Network (Pre).
         Starting Network Service...
[[0;32m  OK  [0m] Started Network Service.
         Starting Wait for Network to be Configured...
         Starting Network Name Resolution...
[[0;32m  OK  [0m] Started Network Name Resolution.
[[0;32m  OK  [0m] Reached target Host and Network Name Lookups.
[[0;32m  OK  [0m] Reached target Network.
[[0;32m  OK  [0m] Started Wait for Network to be Configured.
         Starting Initial cloud-init job (metadata service crawler)...
[   20.514870] cloud-init[681]: Cloud-init v. 21.1-19-gbad84ad4-0ubuntu1~18.04.2 running 'init' at Mon, 14 Jun 2021 23:35:54 +0000. Up 20.05 seconds.
[   20.519603] cloud-init[681]: ci-info: ++++++++++++++++++++++++++++++++++++++Net device info+++++++++++++++++++++++++++++++++++++++
[   20.524380] cloud-init[681]: ci-info: +--------+-------+----------------------------+---------------+--------+-------------------+
[   20.528811] cloud-init[681]: ci-info: | Device |   Up  |          Address           |      Mask     | Scope  |     Hw-Address    |
[   20.532907] cloud-init[681]: ci-info: +--------+-------+----------------------------+---------------+--------+-------------------+
[   20.544342] cloud-init[681]: ci-info: | enp0s3 |  True |         10.0.2.15          | 255.255.255.0 | global | 02:c3:ac:bf:e0:17 |
[   20.548019] cloud-init[681]: ci-info: | enp0s3 |  True | fe80::c3:acff:febf:e017/64 |       .       |  link  | 02:c3:ac:bf:e0:17 |
[   20.551098] cloud-init[681]: ci-info: | enp0s8 | False |             .              |       .       |   .    | 08:00:27:dc:ce:7d |
[   20.556333] cloud-init[681]: ci-info: |   lo   |  True |         127.0.0.1          |   255.0.0.0   |  host  |         .         |
[   20.561000] cloud-init[681]: ci-info: |   lo   |  True |          ::1/128           |       .       |  host  |         .         |
[   20.565374] cloud-init[681]: ci-info: +--------+-------+----------------------------+---------------+--------+-------------------+
[   20.568394] cloud-init[681]: ci-info: ++++++++++++++++++++++++++++Route IPv4 info+++++++++++++++++++++++++++++
[   20.573479] cloud-init[681]: ci-info: +-------+-------------+----------+-----------------+-----------+-------+
[   20.577088] cloud-init[681]: ci-info: | Route | Destination | Gateway  |     Genmask     | Interface | Flags |
[   20.581314] cloud-init[681]: ci-info: +-------+-------------+----------+-----------------+-----------+-------+
[   20.584462] cloud-init[681]: ci-info: |   0   |   0.0.0.0   | 10.0.2.2 |     0.0.0.0     |   enp0s3  |   UG  |
[   20.587400] cloud-init[681]: ci-info: |   1   |   10.0.2.0  | 0.0.0.0  |  255.255.255.0  |   enp0s3  |   U   |
[   20.590943] cloud-init[681]: ci-info: |   2   |   10.0.2.2  | 0.0.0.0  | 255.255.255.255 |   enp0s3  |   UH  |
[   20.594496] cloud-init[681]: ci-info: +-------+-------------+----------+-----------------+-----------+-------+
[   20.604340] cloud-init[681]: ci-info: +++++++++++++++++++Route IPv6 info+++++++++++++++++++
[   20.606044] cloud-init[681]: ci-info: +-------+-------------+---------+-----------+-------+
[   20.616355] cloud-init[681]: ci-info: | Route | Destination | Gateway | Interface | Flags |
[   20.618407] cloud-init[681]: ci-info: +-------+-------------+---------+-----------+-------+
[   20.620588] cloud-init[681]: ci-info: |   1   |  fe80::/64  |    ::   |   enp0s3  |   U   |
[   20.622907] cloud-init[681]: ci-info: |   3   |    local    |    ::   |   enp0s3  |   U   |
[   20.625108] cloud-init[681]: ci-info: |   4   |   ff00::/8  |    ::   |   enp0s3  |   U   |
[   20.627119] cloud-init[681]: ci-info: +-------+-------------+---------+-----------+-------+
[   22.691823] cloud-init[681]: Generating public/private rsa key pair.
[   22.704278] cloud-init[681]: Your identification has been saved in /etc/ssh/ssh_host_rsa_key.
[   22.716396] cloud-init[681]: Your public key has been saved in /etc/ssh/ssh_host_rsa_key.pub.
[   22.718343] cloud-init[681]: The key fingerprint is:
[   22.719965] cloud-init[681]: SHA256:5xDzPYeOIJJ9M7OqUDfymjRO2ggmqsfsZIBx2fy1T+g root@ubuntu-bionic
[   22.722685] cloud-init[681]: The key's randomart image is:
[   22.724044] cloud-init[681]: +---[RSA 2048]----+
[   22.725413] cloud-init[681]: |                 |
[   22.736296] cloud-init[681]: |   +             |
[   22.748383] cloud-init[681]: |. o o   +        |
[   22.760383] cloud-init[681]: |.o   + . * . .   |
[   22.761682] cloud-init[681]: |o   = * S + + .  |
[   22.772360] cloud-init[681]: | . . = = % o o   |
[   22.774426] cloud-init[681]: |o++ + . E + .    |
[   22.776853] cloud-init[681]: |+++O + .         |
[   22.778227] cloud-init[681]: |+o+ *..          |
[   22.780259] cloud-init[681]: +----[SHA256]-----+
[   22.781886] cloud-init[681]: Generating public/private dsa key pair.
[   22.783929] cloud-init[681]: Your identification has been saved in /etc/ssh/ssh_host_dsa_key.
[   22.786596] cloud-init[681]: Your public key has been saved in /etc/ssh/ssh_host_dsa_key.pub.
[   22.788899] cloud-init[681]: The key fingerprint is:
[   22.790523] cloud-init[681]: SHA256:ImlJ9tFyXcxLqA96lS8/IPSTYU4hOWQrB9DyZr/HYGI root@ubuntu-bionic
[   22.795526] cloud-init[681]: The key's randomart image is:
[   22.798136] cloud-init[681]: +---[DSA 1024]----+
[   22.801278] cloud-init[681]: |    .o..o. +.    |
[   22.803544] cloud-init[681]: |    . .++oo.+    |
[   22.805169] cloud-init[681]: |    oo+ =+.+ .   |
[   22.806806] cloud-init[681]: |   o ++*+ * .    |
[   22.808306] cloud-init[681]: |    =oo+SO +     |
[   22.809625] cloud-init[681]: |   . .E.* O .    |
[   22.810980] cloud-init[681]: |     . + = =     |
[   22.812456] cloud-init[681]: |        . o o    |
[   22.814019] cloud-init[681]: |         .   .   |
[   22.815078] cloud-init[681]: +----[SHA256]-----+
[   22.828358] cloud-init[681]: Generating public/private ecdsa key pair.
[   22.830109] cloud-init[681]: Your identification has been saved in /etc/ssh/ssh_host_ecdsa_key.
[   22.832372] cloud-init[681]: Your public key has been saved in /etc/ssh/ssh_host_ecdsa_key.pub.
[   22.834350] cloud-init[681]: The key fingerprint is:
[   22.835776] cloud-init[681]: SHA256:0vpqyqm7vLsGORe5CzilXCh68RL9n6e4Bx/zGB1p/fg root@ubuntu-bionic
[   22.838102] cloud-init[681]: The key's randomart image is:
[   22.839834] cloud-init[681]: +---[ECDSA 256]---+
[   22.852731] cloud-init[681]: |                 |
[   22.855296] cloud-init[681]: |                 |
[   22.857309] cloud-init[681]: |  .o       o     |
[   22.860370] cloud-init[681]: |..*..  .  + .    |
[   22.861941] cloud-init[681]: |=+.* .. So . o   |
[   22.864450] cloud-init[681]: |X.= . oo+ . . .  |
[   22.867078] cloud-init[681]: | B o  .+ B   .   |
[   22.869957] cloud-init[681]: | .o. ..o* o   E  |
[   22.872908] cloud-init[681]: | .OB+o++oo       |
[   22.875080] cloud-init[681]: +----[SHA256]-----+
[   22.877884] cloud-init[681]: Generating public/private ed25519 key pair.
[   22.881392] cloud-init[681]: Your identification has been saved in /etc/ssh/ssh_host_ed25519_key.
[   22.884975] cloud-init[681]: Your public key has been saved in /etc/ssh/ssh_host_ed25519_key.pub.
[   22.888496] cloud-init[681]: The key fingerprint is:
[   22.890102] cloud-init[681]: SHA256:9mW21RD28pm5bWlTPHrvqPYyxoq9zQiLO0XtwLZTlyM root@ubuntu-bionic
[   22.892714] cloud-init[681]: The key's randomart image is:
[   22.894692] cloud-init[681]: +--[ED25519 256]--+
[   22.896348] cloud-init[681]: |              o  |
[   22.897979] cloud-init[681]: |             . o |
[   22.908363] cloud-init[681]: |       . .   .o .|
[[0;32m  OK  [0m] Started Initial cloud-init job (metadata service crawler).
[   22.921742] cloud-init[[0;32m  OK  [0m] Reached target System Initialization.
[681]: |        = E +  *+|
[[0;32m  OK  [0m] Listening on ACPID Listen Socket.
[   22.926145] cloud-init[681]: |       oS= o+..==|
         Starting Socket activation for snappy daemon.
[[0;32m  OK  [0m] Started Daily Cleanup of Temporary Directories.
[[0;32m  OK  [0m] Started Daily apt download activities.
[[0;32m  OK  [0m] Listening on Open-iSCSI iscsid Socket.
[   22.932272] [[0;32m  OK  [0m] Listening on UUID daemon activation socket.
cloud-init[681]: |       .+..+ o. *|
[[0;32m  OK  [0m] Started Daily apt upgrade and clean activities.
[[0;32m  OK  [0m] Started Message of the Day.
[   22.946307] cloud-init[681]: |       ....... *o|
[[   22.949802] cloud-init[681]: |      .. = +* ooo|
[   22.950159] cloud-init[681]: |      ooo ==+=o.o|
[   22.951014] cloud-init[681]: +----[SHA256]-----+
[0;32m  OK  [0m] Listening on D-Bus System Message Bus Socket.
[[0;32m  OK  [0m] Started Discard unused blocks once a week.
[[0;32m  OK  [0m] Started Ubuntu Advantage update messaging.
[[0;32m  OK  [0m] Reached target Timers.
         Starting LXD - unix socket.
[[0;32m  OK  [0m] Started ACPI Events Check.
[[0;32m  OK  [0m] Reached target Paths.
[[0;32m  OK  [0m] Reached target Network is Online.
         Starting Availability of block devices...
[[0;32m  OK  [0m] Reached target Remote File Systems (Pre).
[[0;32m  OK  [0m] Reached target Remote File Systems.
[[0;32m  OK  [0m] Reached target Cloud-config availability.
[[0;32m  OK  [0m] Listening on Socket activation for snappy daemon.
[[0;32m  OK  [0m] Listening on LXD - unix socket.
[[0;32m  OK  [0m] Reached target Sockets.
[[0;32m  OK  [0m] Reached target Basic System.
         Starting LSB: Record successful boot for GRUB...
[[0;32m  OK  [0m] Started Regular background program processing daemon.
         Starting Pollinate to seed the pseudo random number generator...
         Starting Dispatcher daemon for systemd-networkd...
[[0;32m  OK  [0m] Started Deferred execution scheduler.
         Starting Login Service...
         Starting LSB:[[0;32m  OK  [0m] Stopped Unattended Upgrades Shutdown.
[[0;32m  OK  [0m] Stopped target Cloud-init target.
         Stopping Authorization Manager...
[[0;32m  OK  [0m] Closed Load/Save RF Kill Switch Status /dev/rfkill Watch.
[[0;32m  OK  [0m] Stopped Execute cloud user/final scripts.
[[0;32m  OK  [0m] Stopped Apply the settings specified in cloud-config.
[[0;32m  OK  [0m] Stopped target Host and Network Name Lookups.
         Stopping Daemon for generating UUIDs...
[[0;32m  OK  [0m] Stopped target Cloud-config availability.
[[0;32m  OK  [0m] Stopped target Graphical Interface.
[[0;32m  OK  [0m] Stopped target Multi-User System.
         Stopping OpenBSD Secure Shell server...
         Stopping Dispatcher daemon for systemd-networkd...
         Stopping irqbalance daemon...
         Stopping System Logging Service...
[[0;32m  OK  [0m] Stopped Wait until snapd is fully seeded.
[[0;32m  OK  [0m] Stopped target Login Prompts.
         Stopping LXD - container startup/shutdown...
         Stopping FUSE filesystem for LXC...
         Stopping D-Bus System Message Bus...
         Stopping LSB: Record successful boot for GRUB...
         Stopping LSB: automatic crash report generation...
         Stopping Regular background program processing daemon...
         Stopping User Manager for UID 1000...
         Stopping Getty on tty1...
         Stopping Accounts Service...
[[0;32m  OK  [0m] Stopped target Timers.
[[0;32m  OK  [0m] Stopped Daily apt upgrade and clean activities.
[[0;32m  OK  [0m] Stopped Ubuntu Advantage update messaging.
[[0;32m  OK  [0m] Stopped Discard unused blocks once a week.
         Stopping Deferred execution scheduler...
[[0;32m  OK  [0m] Stopped Message of the Day.
         Stopping Session 7 of user vagrant.
         Stopping Serial Getty on ttyS0...
[[0;32m  OK  [0m] Stopped Daily Cleanup of Temporary Directories.
[[0;32m  OK  [0m] Stopped Daily apt download activities.
[[0;32m  OK  [0m] Stopped target System Time Synchronized.
         Stopping Virtualbox guest utils...
         Stopping Availability of block devices...
[[0;32m  OK  [0m] Unmounted /var/lib/lxcfs.
[[0;32m  OK  [0m] Stopped Deferred execution scheduler.
[[0;32m  OK  [0m] Stopped System Logging Service.
[[0;32m  OK  [0m] Stopped Regular background program processing daemon.
[[0;32m  OK  [0m] Stopped Accounts Service.
[[0;32m  OK  [0m] Stopped irqbalance daemon.
[[0;32m  OK  [0m] Stopped Dispatcher daemon for systemd-networkd.
[[0;32m  OK  [0m] Stopped Authorization Manager.
[[0;32m  OK  [0m] Stopped Serial Getty on ttyS0.
[[0;32m  OK  [0m] Stopped OpenBSD Secure Shell server.
[[0;32m  OK  [0m] Stopped Getty on tty1.
[[0;32m  OK  [0m] Stopped Daemon for generating UUIDs.
[[0;32m  OK  [0m] Stopped User Manager for UID 1000.
[[0;32m  OK  [0m] Stopped D-Bus System Message Bus.
[[0;32m  OK  [0m] Stopped FUSE filesystem for LXC.
[[0;32m  OK  [0m] Stopped Session 7 of user vagrant.
[[0;32m  OK  [0m] Stopped Availability of block devices.
[[0;32m  OK  [0m] Removed slice User Slice of vagrant.
         Stopping Login Service...
[[0;32m  OK  [0m] Removed slice system-getty.slice.
[[0;32m  OK  [0m] Removed slice system-serial\x2dgetty.slice.
         Stopping Permit User Sessions...
[[0;32m  OK  [0m] Stopped LXD - container startup/shutdown.
[[0;32m  OK  [0m] Stopped LSB: automatic crash report generation.
[[0;32m  OK  [0m] Stopped LSB: Record successful boot for GRUB.
[[0;32m  OK  [0m] Stopped Permit User Sessions.
[[0;32m  OK  [0m] Stopped target Remote File Systems.
         Unmounting /vagrant...
[[0;32m  OK  [0m] Stopped Virtualbox guest utils.
[[0;32m  OK  [0m] Stopped Login Service.
[[0;32m  OK  [0m] Stopped target Basic System.
[[0;32m  OK  [0m] Stopped target Sockets.
[[0;32m  OK  [0m] Closed ACPID Listen Socket.
[[0;32m  OK  [0m] Closed Syslog Socket.
[[0;32m  OK  [0m] Closed Socket activation for snappy daemon.
[[0;32m  OK  [0m] Closed LXD - unix socket.
[[0;32m  O[[0;32m  OK  [0m] Closed Load/Save RF Kill Switch Status /dev/rfkill Watch.
[[0;32m  OK  [0m] Stopped target Graphical Interface.
         Stopping Availability of block devices...
         Stopping Session 23 of user vagrant.
         Stopping Authorization Manager...
         Stopping User Manager for UID 1000...
[[0;32m  OK  [0m] Stopped target Timers.
[[0;32m  OK  [0m] Stopped Discard unused blocks once a week.
[[0;32m  OK  [0m] Stopped Daily apt upgrade and clean activities.
[[0;32m  OK  [0m] Stopped Daily apt download activities.
[[0;32m  OK  [0m] Stopped Clean PHP session files every 30 mins.
[[0;32m  OK  [0m] Stopped Message of the Day.
[[0;32m  OK  [0m] Stopped target Cloud-init target.
[[0;32m  OK  [0m] Stopped Execute cloud user/final scripts.
[[0;32m  OK  [0m] Stopped target Multi-User System.
         Stopping Virtualbox guest utils...
         Stopping D-Bus System Message Bus...
         Stopping System Logging Service...
         Stopping LSB: Record successful boot for GRUB...
         Stopping LXD - container startup/shutdown...
         Stopping irqbalance daemon...
         Stopping Deferred execution scheduler...
         Stopping FUSE filesystem for LXC...
         Stopping Dispatcher daemon for systemd-networkd...
         Stopping The Apache HTTP Server...
[[0;32m  OK  [0m] Stopped target Login Prompts.
         Stopping Getty on tty1...
         Stopping Serial Getty on ttyS0...
[[0;32m  OK  [0m] Stopped Apply the settings specified in cloud-config.
[[0;32m  OK  [0m] Stopped Wait until snapd is fully seeded.
[[0;32m  OK  [0m] Stopped target Cloud-config availability.
[[0;32m  OK  [0m] Stopped Ubuntu Advantage update messaging.
[[0;32m  OK  [0m] Stopped target System Time Synchronized.
         Stopping Regular background program processing daemon...
[[0;32m  OK  [0m] Stopped Daily Cleanup of Temporary Directories.
         Stopping LSB: automatic crash report generation...
         Stopping OpenBSD Secure Shell server...
         Stopping Accounts Service...
[[0;32m  OK  [0m] Unmounted /var/lib/lxcfs.
[[0;32m  OK  [0m] Stopped Regular background program processing daemon.
[[0;32m  OK  [0m] Stopped Dispatcher daemon for systemd-networkd.
[[0;32m  OK  [0m] Stopped Deferred execution scheduler.
[[0;32m  OK  [0m] Stopped Accounts Service.
[[0;32m  OK  [0m] Stopped irqbalance daemon.
[[0;32m  OK  [0m] Stopped System Logging Service.
[[0;32m  OK  [0m] Stopped Serial Getty on ttyS0.
[[0;32m  OK  [0m] Stopped Getty on tty1.
[[0;32m  OK  [0m] Stopped Authorization Manager.
[[0;32m  OK  [0m] Stopped OpenBSD Secure Shell server.
[[0;32m  OK  [0m] Stopped User Manager for UID 1000.
[[0;32m  OK  [0m] Stopped D-Bus System Message Bus.
[[0;32m  OK  [0m] Stopped FUSE filesystem for LXC.
[[0;32m  OK  [0m] Stopped Session 23 of user vagrant.
[[0;32m  OK  [0m] Removed slice User Slice of vagrant.
         Stopping Login Service...
[[0;32m  OK  [0m] Removed slice system-getty.slice.
[[0;32m  OK  [0m] Removed slice system-serial\x2dgetty.slice.
         Stopping Permit User Sessions...
[[0;32m  OK  [0m] Stopped LSB: Record successful boot for GRUB.
[[0;32m  OK  [0m] Stopped LXD - container startup/shutdown.
[[0;32m  OK  [0m] Stopped Permit User Sessions.
[[0;32m  OK  [0m] Stopped LSB: automatic crash report generation.
[[0;32m  OK  [0m] Stopped Availability of block devices.
[[0;32m  OK  [0m] Stopped Login Service.
[[0;32m  OK  [0m] Stopped target User and Group Name Lookups.
[[0;32m  OK  [0m] Stopped Virtualbox guest utils.
[[0;32m  OK  [0m] Stopped The Apache HTTP Server.
[[0;32m  OK  [0m] Stopped target Remote File Systems.
         Unmounting /vagrant...
[[0;32m  OK  [0m] Stopped target Basic System.
[[0;32m  OK  [0m] Stopped target Slices.
[[0;32m  OK  [0m] Removed slice User and Session Slice.
[[0;32m  OK  [0m] Stopped target Paths.
[[0;32m  OK  [0m] Stopped ACPI Events Check.
[[0;32m  OK  [0m] Stopped target Sockets.
[[0;32m  OK  [0m] Closed Syslog Socket.
[[0;32m  OK  [0m] Closed ACPID Listen Socket.
[[0;32m  OK  [0m] Closed LXD - unix socket.
[[0;32m  OK  [0m] Closed UUID daemon activation socket.
[[0;32m  OK  [0m] Closed D-Bus System Message Bus Socket.
[[0;32m  OK  [0m] Closed Open-iSCSI iscsid Socket.
[[0;32m  OK  [0m] Closed Socket activation for snappy daemon.
[[0;32m  OK  [0m] Stopped target System Initialization.
[[0;32m  OK  [0m] Stopped Commit a transient machine-id on disk.
[[0;32m  OK  [0m] Stopped target Local Encrypted Volumes.
[[0;32m  OK  [0m] Stopped Forward Password Requests to Wall Directory Watch.
[[0;32m  OK  [0m] Stopped Dispatch Password Requests to Console Directory Watch.
         Stopping Load/Save Random Seed...
         Stopping Update UTMP about System Boot/Shutdown...
[[0;32m  OK  [0m] Stopped target Host and Network Name Lookups.
[[0;32m  OK  [0m] Unmounted /vagrant.
[[0;32m  OK  [0m] Stopped target Network is Online.
[[0;32m  OK  [0m] Stopped Initial cloud-init job (metadata service crawler).
[[0;32m  OK  [0m] Stopped target Remote File Systems (Pre).
[[0;32m  OK  [0m] Stopped target Network.
         Stopping Network Name Resolution...
[[0;32m  OK  [0m] Stopped Load/Save Random Seed.
[[0;32m  OK  [0m] Stopped Update UTMP about System Boot/Shutdown.
[[0;32m  OK  [0m] Stopped Network Name Resolution.
         Stopping Network Service...
[[0;32m  OK  [0m] Stopped Create Volatile Files and Directories.
[[0;32m  OK  [0m] Stopped target Local File Systems.
         Unmounting /run/user/1000...
[[0;32m  OK  [0m] Unmounted /run/user/1000.
[[0;32m  OK  [0m] Reached target Unmount All Filesystems.
[[0;32m  OK  [0m] Stopped target Swap.
[[0;32m  OK  [0m] Stopped target Local File Systems (Pre).
         Stopping Monitoring of LVM2 mirrors…ng dmeventd or progress polling...
[[0;32m  OK  [0m] Stopped Create Static Device Nodes in /dev.
[[0;32m  OK  [0m] Stopped Network Service.
[[0;32m  OK  [0m] Stopped target Network (Pre).
[[0;32m  OK  [0m] Stopped Initial cloud-init job (pre-networking).
[[0;32m  OK  [0m] Stopped Remount Root and Kernel File Systems.
[[0;32m  OK  [0m] Stopped Apply Kernel Variables.
[[0;32m  OK  [0m] Stopped Load Kernel Modules.
[[0;32m  OK  [0m] Reached target Shutdown.
[[0;32m  OK  [0m] Reached target Final Step.
         Starting Power-Off...
[[0;32m  OK  [0m] Stopped Monitoring of LVM2 mirrors,…sing dmeventd or progress polling.
         Stopping LVM2 metadata daemon...
[[0;32m  OK  [0m] Stopped LVM2 metadata daemon.
[ 5458.873165] reboot: Power down
